<?xml version="1.0" encoding="UTF-8"?>
<testng-results ignored="0" total="1" passed="1" failed="0" skipped="0">
  <reporter-output>
  </reporter-output>
  <suite started-at="2025-06-23T15:36:26 IST" name="Default suite" finished-at="2025-06-23T15:37:08 IST" duration-ms="42355">
    <groups>
    </groups>
    <test started-at="2025-06-23T15:36:26 IST" name="Default test" finished-at="2025-06-23T15:37:08 IST" duration-ms="42355">
      <class name="tests.AddEditEmployeeTest">
        <test-method is-config="true" signature="init()[pri:0, instance:tests.AddEditEmployeeTest@313ac989]" started-at="2025-06-23T15:36:26 IST" name="init" finished-at="2025-06-23T15:36:32 IST" duration-ms="6592" status="PASS">
          <reporter-output>
          </reporter-output>
        </test-method> <!-- init -->
        <test-method signature="testAddEditEmployee()[pri:0, instance:tests.AddEditEmployeeTest@313ac989]" started-at="2025-06-23T15:36:32 IST" name="testAddEditEmployee" finished-at="2025-06-23T15:37:07 IST" duration-ms="34597" status="PASS">
          <reporter-output>
          </reporter-output>
        </test-method> <!-- testAddEditEmployee -->
        <test-method is-config="true" signature="close()[pri:0, instance:tests.AddEditEmployeeTest@313ac989]" started-at="2025-06-23T15:37:07 IST" name="close" finished-at="2025-06-23T15:37:08 IST" duration-ms="1126" status="PASS">
          <reporter-output>
          </reporter-output>
        </test-method> <!-- close -->
      </class> <!-- tests.AddEditEmployeeTest -->
    </test> <!-- Default test -->
  </suite> <!-- Default suite -->
</testng-results>
