<?xml version="1.0" encoding="UTF-8"?>
<testng-results ignored="0" total="1" passed="1" failed="0" skipped="0">
  <reporter-output>
  </reporter-output>
  <suite started-at="2025-07-18T12:00:17 IST" name="Default suite" finished-at="2025-07-18T12:00:32 IST" duration-ms="14948">
    <groups>
    </groups>
    <test started-at="2025-07-18T12:00:17 IST" name="Default test" finished-at="2025-07-18T12:00:32 IST" duration-ms="14948">
      <class name="tests.AddEditEmployeeTest">
        <test-method is-config="true" signature="init()[pri:0, instance:tests.AddEditEmployeeTest@313ac989]" started-at="2025-07-18T12:00:17 IST" name="init" finished-at="2025-07-18T12:00:25 IST" duration-ms="8139" status="PASS">
          <reporter-output>
          </reporter-output>
        </test-method> <!-- init -->
        <test-method signature="testAddEditEmployee()[pri:0, instance:tests.AddEditEmployeeTest@313ac989]" started-at="2025-07-18T12:00:25 IST" name="testAddEditEmployee" finished-at="2025-07-18T12:00:30 IST" duration-ms="5574" status="PASS">
          <reporter-output>
          </reporter-output>
        </test-method> <!-- testAddEditEmployee -->
        <test-method is-config="true" signature="close()[pri:0, instance:tests.AddEditEmployeeTest@313ac989]" started-at="2025-07-18T12:00:30 IST" name="close" finished-at="2025-07-18T12:00:32 IST" duration-ms="1192" status="PASS">
          <reporter-output>
          </reporter-output>
        </test-method> <!-- close -->
      </class> <!-- tests.AddEditEmployeeTest -->
    </test> <!-- Default test -->
  </suite> <!-- Default suite -->
</testng-results>
