<?xml version="1.0" encoding="UTF-8"?>
<!-- Generated by org.testng.reporters.JUnitXMLReporter -->
<testsuite ignored="0" hostname="LTIN481125" failures="0" tests="3" name="Default test" time="32.782" errors="0" timestamp="2025-07-16T12:11:17 IST">
  <testcase classname="tests.StudentTravelInsuranceTest" name="testCarInsuranceFlow" time="6.276"/>
  <testcase classname="tests.StudentTravelInsuranceTest" name="testMedicalInsuranceFlow" time="0.884"/>
  <testcase classname="tests.StudentTravelInsuranceTest" name="testTravelInsuranceFlow" time="11.723"/>
</testsuite> <!-- Default test -->
