<?xml version="1.0" encoding="UTF-8"?>
<testng-results ignored="0" total="3" passed="3" failed="0" skipped="0">
  <reporter-output>
  </reporter-output>
  <suite started-at="2025-07-18T10:52:57 IST" name="Suite" finished-at="2025-07-18T10:53:27 IST" duration-ms="29826">
    <groups>
    </groups>
    <test started-at="2025-07-18T10:52:57 IST" name="Test" finished-at="2025-07-18T10:53:27 IST" duration-ms="29826">
      <class name="tests.StudentTravelInsuranceTest">
        <test-method is-config="true" signature="createDriver()[pri:0, instance:tests.StudentTravelInsuranceTest@557caf28]" started-at="2025-07-18T10:52:58 IST" name="createDriver" finished-at="2025-07-18T10:53:03 IST" duration-ms="4991" status="PASS">
          <reporter-output>
          </reporter-output>
        </test-method> <!-- createDriver -->
        <test-method is-config="true" signature="setUp()[pri:0, instance:tests.StudentTravelInsuranceTest@557caf28]" started-at="2025-07-18T10:53:04 IST" name="setUp" finished-at="2025-07-18T10:53:06 IST" duration-ms="2522" status="PASS">
          <reporter-output>
          </reporter-output>
        </test-method> <!-- setUp -->
        <test-method signature="testCarInsuranceFlow(java.lang.String)[pri:0, instance:tests.StudentTravelInsuranceTest@557caf28]" started-at="2025-07-18T10:53:06 IST" name="testCarInsuranceFlow" data-provider="phone" finished-at="2025-07-18T10:53:13 IST" duration-ms="6186" status="PASS">
          <params>
            <param index="0">
              <value>
                <![CDATA[123456789]]>
              </value>
            </param>
          </params>
          <reporter-output>
          </reporter-output>
        </test-method> <!-- testCarInsuranceFlow -->
        <test-method is-config="true" signature="setUp()[pri:0, instance:tests.StudentTravelInsuranceTest@557caf28]" started-at="2025-07-18T10:53:13 IST" name="setUp" finished-at="2025-07-18T10:53:14 IST" duration-ms="1029" status="PASS">
          <reporter-output>
          </reporter-output>
        </test-method> <!-- setUp -->
        <test-method signature="testMedicalInsuranceFlow()[pri:0, instance:tests.StudentTravelInsuranceTest@557caf28]" started-at="2025-07-18T10:53:14 IST" name="testMedicalInsuranceFlow" finished-at="2025-07-18T10:53:15 IST" duration-ms="1071" status="PASS">
          <reporter-output>
          </reporter-output>
        </test-method> <!-- testMedicalInsuranceFlow -->
        <test-method is-config="true" signature="setUp()[pri:0, instance:tests.StudentTravelInsuranceTest@557caf28]" started-at="2025-07-18T10:53:15 IST" name="setUp" finished-at="2025-07-18T10:53:16 IST" duration-ms="771" status="PASS">
          <reporter-output>
          </reporter-output>
        </test-method> <!-- setUp -->
        <test-method signature="testTravelInsuranceFlow(java.lang.String,java.lang.String,java.lang.String)[pri:0, instance:tests.StudentTravelInsuranceTest@557caf28]" started-at="2025-07-18T10:53:16 IST" name="testTravelInsuranceFlow" data-provider="data" finished-at="2025-07-18T10:53:26 IST" duration-ms="10359" status="PASS">
          <params>
            <param index="0">
              <value>
                <![CDATA[Italy]]>
              </value>
            </param>
            <param index="1">
              <value>
                <![CDATA[Jul 29, 2025]]>
              </value>
            </param>
            <param index="2">
              <value>
                <![CDATA[Aug 29, 2025]]>
              </value>
            </param>
          </params>
          <reporter-output>
          </reporter-output>
        </test-method> <!-- testTravelInsuranceFlow -->
        <test-method is-config="true" signature="close()[pri:0, instance:tests.StudentTravelInsuranceTest@557caf28]" started-at="2025-07-18T10:53:26 IST" name="close" finished-at="2025-07-18T10:53:27 IST" duration-ms="1347" status="PASS">
          <reporter-output>
          </reporter-output>
        </test-method> <!-- close -->
      </class> <!-- tests.StudentTravelInsuranceTest -->
    </test> <!-- Test -->
  </suite> <!-- Suite -->
</testng-results>
