<?xml version="1.0" encoding="UTF-8"?>
<!-- Generated by org.testng.reporters.JUnitXMLReporter -->
<testsuite ignored="0" hostname="LTIN480255" failures="0" tests="3" name="Test" time="29.826" errors="0" timestamp="2025-07-18T10:53:28 IST">
  <testcase classname="tests.StudentTravelInsuranceTest" name="testCarInsuranceFlow" time="6.186"/>
  <testcase classname="tests.StudentTravelInsuranceTest" name="testMedicalInsuranceFlow" time="1.071"/>
  <testcase classname="tests.StudentTravelInsuranceTest" name="testTravelInsuranceFlow" time="10.359"/>
</testsuite> <!-- Test -->
